<?xml version="1.0" encoding="UTF-8"?>
<!-- Generated by org.testng.reporters.JUnitReportReporter -->
<testsuite hostname="bhas" failures="0" tests="1" name="calculator.testtestng" time="3.824" errors="0" timestamp="2024-04-18T12:20:03 IST" skipped="0">
  <testcase classname="calculator.testtestng" name="firstTest" time="3.824"/>
  <system-out/>
</testsuite> <!-- calculator.testtestng -->
