<?xml version="1.0" encoding="UTF-8"?>
<!-- Generated by org.testng.reporters.JUnitReportReporter -->
<testsuite hostname="bhas" failures="0" tests="17" name="calculator.CalculatorTests" time="0.343" errors="0" timestamp="2024-04-18T14:59:39 IST" skipped="16">
  <testcase classname="calculator.CalculatorTests" name="testcalculator_AddZero" time="0.343"/>
  <system-out/>
  <testcase classname="calculator.CalculatorTests" name="testcalculator_Add">
    <skipped/>
  </testcase> <!-- testcalculator_Add -->
  <system-out/>
  <testcase classname="calculator.CalculatorTests" name="testcalculator_zerosubtractIntResult">
    <skipped/>
  </testcase> <!-- testcalculator_zerosubtractIntResult -->
  <system-out/>
  <testcase classname="calculator.CalculatorTests" name="testcalculator_Integration2Series">
    <skipped/>
  </testcase> <!-- testcalculator_Integration2Series -->
  <system-out/>
  <testcase classname="calculator.CalculatorTests" name="testcalculator_divide">
    <skipped/>
  </testcase> <!-- testcalculator_divide -->
  <system-out/>
  <testcase classname="calculator.CalculatorTests" name="testcalculator_FloatDivide">
    <skipped/>
  </testcase> <!-- testcalculator_FloatDivide -->
  <system-out/>
  <testcase classname="calculator.CalculatorTests" name="testcalculator_multiply">
    <skipped/>
  </testcase> <!-- testcalculator_multiply -->
  <system-out/>
  <testcase classname="calculator.CalculatorTests" name="testcalculator_Integration1">
    <skipped/>
  </testcase> <!-- testcalculator_Integration1 -->
  <system-out/>
  <testcase classname="calculator.CalculatorTests" name="testcalculator_subtract">
    <skipped/>
  </testcase> <!-- testcalculator_subtract -->
  <system-out/>
  <testcase classname="calculator.CalculatorTests" name="testcalculator_Load">
    <skipped/>
  </testcase> <!-- testcalculator_Load -->
  <system-out/>
  <testcase classname="calculator.CalculatorTests" name="testcalculator_BigNumberTest">
    <skipped/>
  </testcase> <!-- testcalculator_BigNumberTest -->
  <system-out/>
  <testcase classname="calculator.CalculatorTests" name="testcalculator_divideZero">
    <skipped/>
  </testcase> <!-- testcalculator_divideZero -->
  <system-out/>
  <testcase classname="calculator.CalculatorTests" name="testNumberButtonsDisplay">
    <skipped/>
  </testcase> <!-- testNumberButtonsDisplay -->
  <system-out/>
  <testcase classname="calculator.CalculatorTests" name="testcalculator_addMultiplyIntegration">
    <skipped/>
  </testcase> <!-- testcalculator_addMultiplyIntegration -->
  <system-out/>
  <testcase classname="calculator.CalculatorTests" name="testcalculator_AddFloat">
    <skipped/>
  </testcase> <!-- testcalculator_AddFloat -->
  <system-out/>
  <testcase classname="calculator.CalculatorTests" name="testcalculator_zerosubtractStringResult">
    <skipped/>
  </testcase> <!-- testcalculator_zerosubtractStringResult -->
  <system-out/>
  <testcase classname="calculator.CalculatorTests" name="testcalculator_Zeromultiply">
    <skipped/>
  </testcase> <!-- testcalculator_Zeromultiply -->
  <system-out/>
</testsuite> <!-- calculator.CalculatorTests -->
